  Calculator.cpp
E:\Lukes_Works\Personal_Projects\Programming\C++_Programming\DCFDDMCalculator\TaxRate.h(32,63): warning C4244: '=': conversion from 'double' to 'float', possible loss of data
E:\Lukes_Works\Personal_Projects\Programming\C++_Programming\DCFDDMCalculator\TaxRate.h(33,74): warning C4244: '=': conversion from 'double' to 'float', possible loss of data
E:\Lukes_Works\Personal_Projects\Programming\C++_Programming\DCFDDMCalculator\NetAssets.h(14,77): warning C4244: '=': conversion from 'double' to 'float', possible loss of data
E:\Lukes_Works\Personal_Projects\Programming\C++_Programming\DCFDDMCalculator\NetAssets.h(15,86): warning C4244: '=': conversion from 'double' to 'float', possible loss of data
E:\Lukes_Works\Personal_Projects\Programming\C++_Programming\DCFDDMCalculator\NetAssets.h(16,82): warning C4244: '=': conversion from 'double' to 'float', possible loss of data
E:\Lukes_Works\Personal_Projects\Programming\C++_Programming\DCFDDMCalculator\NetWorkingCapital.h(15,76): warning C4244: '=': conversion from 'double' to 'float', possible loss of data
E:\Lukes_Works\Personal_Projects\Programming\C++_Programming\DCFDDMCalculator\NetWorkingCapital.h(16,84): warning C4244: '=': conversion from 'double' to 'float', possible loss of data
E:\Lukes_Works\Personal_Projects\Programming\C++_Programming\DCFDDMCalculator\CostOfDebt.h(19,61): warning C4244: '=': conversion from 'double' to 'float', possible loss of data
E:\Lukes_Works\Personal_Projects\Programming\C++_Programming\DCFDDMCalculator\CostOfDebt.h(20,72): warning C4244: '=': conversion from 'double' to 'float', possible loss of data
E:\Lukes_Works\Personal_Projects\Programming\C++_Programming\DCFDDMCalculator\DCFModel.h(25,59): warning C4244: '=': conversion from 'double' to 'float', possible loss of data
  CostOfDebt.cpp
E:\Lukes_Works\Personal_Projects\Programming\C++_Programming\DCFDDMCalculator\TaxRate.h(32,63): warning C4244: '=': conversion from 'double' to 'float', possible loss of data
E:\Lukes_Works\Personal_Projects\Programming\C++_Programming\DCFDDMCalculator\TaxRate.h(33,74): warning C4244: '=': conversion from 'double' to 'float', possible loss of data
E:\Lukes_Works\Personal_Projects\Programming\C++_Programming\DCFDDMCalculator\CostOfDebt.h(19,61): warning C4244: '=': conversion from 'double' to 'float', possible loss of data
E:\Lukes_Works\Personal_Projects\Programming\C++_Programming\DCFDDMCalculator\CostOfDebt.h(20,72): warning C4244: '=': conversion from 'double' to 'float', possible loss of data
  CostOfEquity.cpp
  DCFModel.cpp
E:\Lukes_Works\Personal_Projects\Programming\C++_Programming\DCFDDMCalculator\TaxRate.h(32,63): warning C4244: '=': conversion from 'double' to 'float', possible loss of data
E:\Lukes_Works\Personal_Projects\Programming\C++_Programming\DCFDDMCalculator\TaxRate.h(33,74): warning C4244: '=': conversion from 'double' to 'float', possible loss of data
E:\Lukes_Works\Personal_Projects\Programming\C++_Programming\DCFDDMCalculator\NetAssets.h(14,77): warning C4244: '=': conversion from 'double' to 'float', possible loss of data
E:\Lukes_Works\Personal_Projects\Programming\C++_Programming\DCFDDMCalculator\NetAssets.h(15,86): warning C4244: '=': conversion from 'double' to 'float', possible loss of data
E:\Lukes_Works\Personal_Projects\Programming\C++_Programming\DCFDDMCalculator\NetAssets.h(16,82): warning C4244: '=': conversion from 'double' to 'float', possible loss of data
E:\Lukes_Works\Personal_Projects\Programming\C++_Programming\DCFDDMCalculator\NetWorkingCapital.h(15,76): warning C4244: '=': conversion from 'double' to 'float', possible loss of data
E:\Lukes_Works\Personal_Projects\Programming\C++_Programming\DCFDDMCalculator\NetWorkingCapital.h(16,84): warning C4244: '=': conversion from 'double' to 'float', possible loss of data
E:\Lukes_Works\Personal_Projects\Programming\C++_Programming\DCFDDMCalculator\CostOfDebt.h(19,61): warning C4244: '=': conversion from 'double' to 'float', possible loss of data
E:\Lukes_Works\Personal_Projects\Programming\C++_Programming\DCFDDMCalculator\CostOfDebt.h(20,72): warning C4244: '=': conversion from 'double' to 'float', possible loss of data
E:\Lukes_Works\Personal_Projects\Programming\C++_Programming\DCFDDMCalculator\DCFModel.h(25,59): warning C4244: '=': conversion from 'double' to 'float', possible loss of data
E:\Lukes_Works\Personal_Projects\Programming\C++_Programming\DCFDDMCalculator\DCFModel.cpp(16,67): warning C4244: '+=': conversion from 'double' to 'float', possible loss of data
E:\Lukes_Works\Personal_Projects\Programming\C++_Programming\DCFDDMCalculator\DCFModel.cpp(23,108): warning C4244: '=': conversion from 'double' to 'float', possible loss of data
  DDModel.cpp
E:\Lukes_Works\Personal_Projects\Programming\C++_Programming\DCFDDMCalculator\DDModel.cpp(14,58): warning C4244: '+=': conversion from 'double' to 'float', possible loss of data
E:\Lukes_Works\Personal_Projects\Programming\C++_Programming\DCFDDMCalculator\DDModel.cpp(21,114): warning C4244: '=': conversion from 'double' to 'float', possible loss of data
  FCFF.cpp
E:\Lukes_Works\Personal_Projects\Programming\C++_Programming\DCFDDMCalculator\TaxRate.h(32,63): warning C4244: '=': conversion from 'double' to 'float', possible loss of data
E:\Lukes_Works\Personal_Projects\Programming\C++_Programming\DCFDDMCalculator\TaxRate.h(33,74): warning C4244: '=': conversion from 'double' to 'float', possible loss of data
E:\Lukes_Works\Personal_Projects\Programming\C++_Programming\DCFDDMCalculator\NetAssets.h(14,77): warning C4244: '=': conversion from 'double' to 'float', possible loss of data
E:\Lukes_Works\Personal_Projects\Programming\C++_Programming\DCFDDMCalculator\NetAssets.h(15,86): warning C4244: '=': conversion from 'double' to 'float', possible loss of data
E:\Lukes_Works\Personal_Projects\Programming\C++_Programming\DCFDDMCalculator\NetAssets.h(16,82): warning C4244: '=': conversion from 'double' to 'float', possible loss of data
E:\Lukes_Works\Personal_Projects\Programming\C++_Programming\DCFDDMCalculator\NetWorkingCapital.h(15,76): warning C4244: '=': conversion from 'double' to 'float', possible loss of data
E:\Lukes_Works\Personal_Projects\Programming\C++_Programming\DCFDDMCalculator\NetWorkingCapital.h(16,84): warning C4244: '=': conversion from 'double' to 'float', possible loss of data
  main.cpp
E:\Lukes_Works\Personal_Projects\Programming\C++_Programming\DCFDDMCalculator\TaxRate.h(32,63): warning C4244: '=': conversion from 'double' to 'float', possible loss of data
E:\Lukes_Works\Personal_Projects\Programming\C++_Programming\DCFDDMCalculator\TaxRate.h(33,74): warning C4244: '=': conversion from 'double' to 'float', possible loss of data
E:\Lukes_Works\Personal_Projects\Programming\C++_Programming\DCFDDMCalculator\NetAssets.h(14,77): warning C4244: '=': conversion from 'double' to 'float', possible loss of data
E:\Lukes_Works\Personal_Projects\Programming\C++_Programming\DCFDDMCalculator\NetAssets.h(15,86): warning C4244: '=': conversion from 'double' to 'float', possible loss of data
E:\Lukes_Works\Personal_Projects\Programming\C++_Programming\DCFDDMCalculator\NetAssets.h(16,82): warning C4244: '=': conversion from 'double' to 'float', possible loss of data
E:\Lukes_Works\Personal_Projects\Programming\C++_Programming\DCFDDMCalculator\NetWorkingCapital.h(15,76): warning C4244: '=': conversion from 'double' to 'float', possible loss of data
E:\Lukes_Works\Personal_Projects\Programming\C++_Programming\DCFDDMCalculator\NetWorkingCapital.h(16,84): warning C4244: '=': conversion from 'double' to 'float', possible loss of data
E:\Lukes_Works\Personal_Projects\Programming\C++_Programming\DCFDDMCalculator\CostOfDebt.h(19,61): warning C4244: '=': conversion from 'double' to 'float', possible loss of data
E:\Lukes_Works\Personal_Projects\Programming\C++_Programming\DCFDDMCalculator\CostOfDebt.h(20,72): warning C4244: '=': conversion from 'double' to 'float', possible loss of data
E:\Lukes_Works\Personal_Projects\Programming\C++_Programming\DCFDDMCalculator\DCFModel.h(25,59): warning C4244: '=': conversion from 'double' to 'float', possible loss of data
  NetAssets.cpp
E:\Lukes_Works\Personal_Projects\Programming\C++_Programming\DCFDDMCalculator\NetAssets.h(14,77): warning C4244: '=': conversion from 'double' to 'float', possible loss of data
E:\Lukes_Works\Personal_Projects\Programming\C++_Programming\DCFDDMCalculator\NetAssets.h(15,86): warning C4244: '=': conversion from 'double' to 'float', possible loss of data
E:\Lukes_Works\Personal_Projects\Programming\C++_Programming\DCFDDMCalculator\NetAssets.h(16,82): warning C4244: '=': conversion from 'double' to 'float', possible loss of data
  NetWorkingCapital.cpp
E:\Lukes_Works\Personal_Projects\Programming\C++_Programming\DCFDDMCalculator\NetWorkingCapital.h(15,76): warning C4244: '=': conversion from 'double' to 'float', possible loss of data
E:\Lukes_Works\Personal_Projects\Programming\C++_Programming\DCFDDMCalculator\NetWorkingCapital.h(16,84): warning C4244: '=': conversion from 'double' to 'float', possible loss of data
  TaxRate.cpp
E:\Lukes_Works\Personal_Projects\Programming\C++_Programming\DCFDDMCalculator\TaxRate.h(32,63): warning C4244: '=': conversion from 'double' to 'float', possible loss of data
E:\Lukes_Works\Personal_Projects\Programming\C++_Programming\DCFDDMCalculator\TaxRate.h(33,74): warning C4244: '=': conversion from 'double' to 'float', possible loss of data
  WACC.cpp
E:\Lukes_Works\Personal_Projects\Programming\C++_Programming\DCFDDMCalculator\TaxRate.h(32,63): warning C4244: '=': conversion from 'double' to 'float', possible loss of data
E:\Lukes_Works\Personal_Projects\Programming\C++_Programming\DCFDDMCalculator\TaxRate.h(33,74): warning C4244: '=': conversion from 'double' to 'float', possible loss of data
E:\Lukes_Works\Personal_Projects\Programming\C++_Programming\DCFDDMCalculator\CostOfDebt.h(19,61): warning C4244: '=': conversion from 'double' to 'float', possible loss of data
E:\Lukes_Works\Personal_Projects\Programming\C++_Programming\DCFDDMCalculator\CostOfDebt.h(20,72): warning C4244: '=': conversion from 'double' to 'float', possible loss of data
  Generating Code...
  DCFDDMCalculator.vcxproj -> E:\Lukes_Works\Personal_Projects\Programming\C++_Programming\DCFDDMCalculator\x64\Debug\DCFDDMCalculator.exe
